\BOOKMARK [0][-]{section*.1}{\315ndice general}{}% 1
\BOOKMARK [0][-]{section*.2}{\315ndice de figuras}{}% 2
\BOOKMARK [0][-]{section*.3}{\315ndice de tablas}{}% 3
\BOOKMARK [-1][-]{section*.3}{Memoria}{}% 4
\BOOKMARK [0][-]{chapter*.6}{Introducci\363n}{section*.3}% 5
\BOOKMARK [0][-]{chapter*.7}{Objetivos del proyecto}{section*.3}% 6
\BOOKMARK [1][-]{section.2.1}{Objetivos}{chapter*.7}% 7
\BOOKMARK [1][-]{section.2.2}{Objetivos personales}{chapter*.7}% 8
\BOOKMARK [0][-]{chapter*.8}{Conceptos te\363ricos}{section*.3}% 9
\BOOKMARK [1][-]{section.3.1}{Introducci\363n}{chapter*.8}% 10
\BOOKMARK [1][-]{section.3.2}{Big data}{chapter*.8}% 11
\BOOKMARK [1][-]{section.3.3}{An\341lisis cient\355fico}{chapter*.8}% 12
\BOOKMARK [1][-]{section.3.4}{An\341lisis legislativo \(En Espa\361a\)}{chapter*.8}% 13
\BOOKMARK [1][-]{section.3.5}{An\341lisis parte t\351cnica}{chapter*.8}% 14
\BOOKMARK [0][-]{chapter*.22}{T\351cnicas y herramientas}{section*.3}% 15
\BOOKMARK [1][-]{section.4.1}{Metodolog\355as}{chapter*.22}% 16
\BOOKMARK [1][-]{section.4.2}{Herramientas}{chapter*.22}% 17
\BOOKMARK [1][-]{section.4.3}{Herramientas de visualizaci\363n de datos}{chapter*.22}% 18
\BOOKMARK [1][-]{section.4.4}{Tecnolog\355as}{chapter*.22}% 19
\BOOKMARK [1][-]{section.4.5}{Documentaci\363n}{chapter*.22}% 20
\BOOKMARK [1][-]{section.4.6}{Otras herramientas}{chapter*.22}% 21
\BOOKMARK [0][-]{chapter*.51}{Aspectos relevantes del desarrollo del proyecto}{section*.3}% 22
\BOOKMARK [1][-]{section.5.1}{Elecci\363n del proyecto}{chapter*.51}% 23
\BOOKMARK [1][-]{section.5.2}{Formaci\363n}{chapter*.51}% 24
\BOOKMARK [1][-]{section.5.3}{Metodolog\355as/estrategias aplicadas}{chapter*.51}% 25
\BOOKMARK [1][-]{section.5.4}{Desarrollo an\341lisis datos}{chapter*.51}% 26
\BOOKMARK [1][-]{section.5.5}{Desarrollo visualizaci\363n}{chapter*.51}% 27
\BOOKMARK [1][-]{section.5.6}{Desarrollo web}{chapter*.51}% 28
\BOOKMARK [1][-]{section.5.7}{Documentaci\363n}{chapter*.51}% 29
\BOOKMARK [1][-]{section.5.8}{Dificultades encontradas}{chapter*.51}% 30
\BOOKMARK [1][-]{section.5.9}{Agradecimientos}{chapter*.51}% 31
\BOOKMARK [0][-]{chapter*.52}{Trabajos relacionados}{section*.3}% 32
\BOOKMARK [1][-]{section.6.1}{Trabajos \372tiles}{chapter*.52}% 33
\BOOKMARK [0][-]{chapter*.53}{Entorno experimental}{section*.3}% 34
\BOOKMARK [1][-]{section.7.1}{Esquema}{chapter*.53}% 35
\BOOKMARK [1][-]{section.7.2}{Fuente datos origen}{chapter*.53}% 36
\BOOKMARK [1][-]{section.7.3}{Exploraci\363n}{chapter*.53}% 37
\BOOKMARK [1][-]{section.7.4}{Transformaci\363n de datos}{chapter*.53}% 38
\BOOKMARK [1][-]{section.7.5}{Visualizaci\363n de datos}{chapter*.53}% 39
\BOOKMARK [0][-]{chapter*.54}{Resultados}{section*.3}% 40
\BOOKMARK [1][-]{section.8.1}{Pre\341mbulo}{chapter*.54}% 41
\BOOKMARK [1][-]{section.8.2}{Resultados generales}{chapter*.54}% 42
\BOOKMARK [1][-]{section.8.3}{Preguntas anal\355ticas}{chapter*.54}% 43
\BOOKMARK [0][-]{chapter*.55}{Conclusiones y L\355neas de trabajo futuras}{section*.3}% 44
\BOOKMARK [1][-]{section.9.1}{Conclusiones proyecto}{chapter*.55}% 45
\BOOKMARK [1][-]{section.9.2}{Conclusiones personales}{chapter*.55}% 46
\BOOKMARK [1][-]{section.9.3}{L\355neas de trabajo futuras}{chapter*.55}% 47
\BOOKMARK [-1][-]{section.9.3}{Ap\351ndices}{}% 48
\BOOKMARK [0][-]{appendix*.58}{Bibliograf\355a}{section.9.3}% 49
\BOOKMARK [0][-]{appendix.Alph1}{Plan de Proyecto Software}{section.9.3}% 50
\BOOKMARK [1][-]{section.Alph1.1}{Introducci\363n}{appendix.Alph1}% 51
\BOOKMARK [1][-]{section.Alph1.2}{Planificaci\363n temporal}{appendix.Alph1}% 52
\BOOKMARK [1][-]{section.Alph1.3}{Viabilidad legal}{appendix.Alph1}% 53
\BOOKMARK [1][-]{section.Alph1.4}{Links Importantes}{appendix.Alph1}% 54
